<?xml version="1.0" encoding="UTF-8"?>
<testsuites>
  <testsuite name="fastlane.lanes">
    
    
    
      
      <testcase classname="fastlane.lanes" name="0: default_platform" time="0.000219">
        
      </testcase>
    
      
      <testcase classname="fastlane.lanes" name="1: app_store_connect_api_key" time="0.002409">
        
      </testcase>
    
      
      <testcase classname="fastlane.lanes" name="2: cocoapods" time="0.657682">
        
      </testcase>
    
      
      <testcase classname="fastlane.lanes" name="3: increment_build_number" time="0.243136">
        
      </testcase>
    
      
      <testcase classname="fastlane.lanes" name="4: cd .. &amp;&amp; flutter build ios --release --no-codesign" time="8.009032">
        
      </testcase>
    
      
      <testcase classname="fastlane.lanes" name="5: xcodebuild -workspace Runner.xcworkspace -scheme Runner -configuration Release -archivePath &apos;/Users/sunkwongyu/RMAC_MULTITIMER/ios/fastlane/build/Runner.xcarchive&apos; archive -allowProvisioningUpdates" time="0.338776">
        
          <failure message="/opt/homebrew/lib/ruby/gems/3.4.0/gems/fastlane-2.228.0/fastlane/lib/fastlane/actions/actions_helper.rb:67:in &apos;Fastlane::Actions.execute_action&apos;&#10;/opt/homebrew/lib/ruby/gems/3.4.0/gems/fastlane-2.228.0/fastlane/lib/fastlane/fast_file.rb:224:in &apos;Fastlane::FastFile.sh&apos;&#10;/opt/homebrew/lib/ruby/gems/3.4.0/gems/fastlane-2.228.0/fastlane/lib/fastlane/fast_file.rb:216:in &apos;Fastlane::FastFile#sh&apos;&#10;Fastfile:361:in &apos;block (2 levels) in Fastlane::FastFile#parsing_binding&apos;&#10;/opt/homebrew/lib/ruby/gems/3.4.0/gems/fastlane-2.228.0/fastlane/lib/fastlane/lane.rb:41:in &apos;Fastlane::Lane#call&apos;&#10;/opt/homebrew/lib/ruby/gems/3.4.0/gems/fastlane-2.228.0/fastlane/lib/fastlane/runner.rb:49:in &apos;block in Fastlane::Runner#execute&apos;&#10;/opt/homebrew/lib/ruby/gems/3.4.0/gems/fastlane-2.228.0/fastlane/lib/fastlane/runner.rb:45:in &apos;Dir.chdir&apos;&#10;/opt/homebrew/lib/ruby/gems/3.4.0/gems/fastlane-2.228.0/fastlane/lib/fastlane/runner.rb:45:in &apos;Fastlane::Runner#execute&apos;&#10;/opt/homebrew/lib/ruby/gems/3.4.0/gems/fastlane-2.228.0/fastlane/lib/fastlane/lane_manager.rb:46:in &apos;Fastlane::LaneManager.cruise_lane&apos;&#10;/opt/homebrew/lib/ruby/gems/3.4.0/gems/fastlane-2.228.0/fastlane/lib/fastlane/command_line_handler.rb:34:in &apos;Fastlane::CommandLineHandler.handle&apos;&#10;/opt/homebrew/lib/ruby/gems/3.4.0/gems/fastlane-2.228.0/fastlane/lib/fastlane/commands_generator.rb:110:in &apos;block (2 levels) in Fastlane::CommandsGenerator#run&apos;&#10;/opt/homebrew/lib/ruby/gems/3.4.0/gems/commander-4.6.0/lib/commander/command.rb:187:in &apos;Commander::Command#call&apos;&#10;/opt/homebrew/lib/ruby/gems/3.4.0/gems/commander-4.6.0/lib/commander/command.rb:157:in &apos;Commander::Command#run&apos;&#10;/opt/homebrew/lib/ruby/gems/3.4.0/gems/commander-4.6.0/lib/commander/runner.rb:444:in &apos;Commander::Runner#run_active_command&apos;&#10;/opt/homebrew/lib/ruby/gems/3.4.0/gems/fastlane-2.228.0/fastlane_core/lib/fastlane_core/ui/fastlane_runner.rb:124:in &apos;Commander::Runner#run!&apos;&#10;/opt/homebrew/lib/ruby/gems/3.4.0/gems/commander-4.6.0/lib/commander/delegates.rb:18:in &apos;Commander::Delegates#run!&apos;&#10;/opt/homebrew/lib/ruby/gems/3.4.0/gems/fastlane-2.228.0/fastlane/lib/fastlane/commands_generator.rb:363:in &apos;Fastlane::CommandsGenerator#run&apos;&#10;/opt/homebrew/lib/ruby/gems/3.4.0/gems/fastlane-2.228.0/fastlane/lib/fastlane/commands_generator.rb:43:in &apos;Fastlane::CommandsGenerator.start&apos;&#10;/opt/homebrew/lib/ruby/gems/3.4.0/gems/fastlane-2.228.0/fastlane/lib/fastlane/cli_tools_distributor.rb:123:in &apos;Fastlane::CLIToolsDistributor.take_off&apos;&#10;/opt/homebrew/lib/ruby/gems/3.4.0/gems/fastlane-2.228.0/bin/fastlane:23:in &apos;&lt;top (required)&gt;&apos;&#10;/opt/homebrew/lib/ruby/gems/3.4.0/bin/fastlane:25:in &apos;Kernel#load&apos;&#10;/opt/homebrew/lib/ruby/gems/3.4.0/bin/fastlane:25:in &apos;&lt;top (required)&gt;&apos;&#10;/opt/homebrew/Cellar/ruby/3.4.4/lib/ruby/3.4.0/bundler/cli/exec.rb:59:in &apos;Kernel.load&apos;&#10;/opt/homebrew/Cellar/ruby/3.4.4/lib/ruby/3.4.0/bundler/cli/exec.rb:59:in &apos;Bundler::CLI::Exec#kernel_load&apos;&#10;/opt/homebrew/Cellar/ruby/3.4.4/lib/ruby/3.4.0/bundler/cli/exec.rb:23:in &apos;Bundler::CLI::Exec#run&apos;&#10;/opt/homebrew/Cellar/ruby/3.4.4/lib/ruby/3.4.0/bundler/cli.rb:452:in &apos;Bundler::CLI#exec&apos;&#10;/opt/homebrew/Cellar/ruby/3.4.4/lib/ruby/3.4.0/bundler/vendor/thor/lib/thor/command.rb:28:in &apos;Bundler::Thor::Command#run&apos;&#10;/opt/homebrew/Cellar/ruby/3.4.4/lib/ruby/3.4.0/bundler/vendor/thor/lib/thor/invocation.rb:127:in &apos;Bundler::Thor::Invocation#invoke_command&apos;&#10;/opt/homebrew/Cellar/ruby/3.4.4/lib/ruby/3.4.0/bundler/vendor/thor/lib/thor.rb:538:in &apos;Bundler::Thor.dispatch&apos;&#10;/opt/homebrew/Cellar/ruby/3.4.4/lib/ruby/3.4.0/bundler/cli.rb:35:in &apos;Bundler::CLI.dispatch&apos;&#10;/opt/homebrew/Cellar/ruby/3.4.4/lib/ruby/3.4.0/bundler/vendor/thor/lib/thor/base.rb:584:in &apos;Bundler::Thor::Base::ClassMethods#start&apos;&#10;/opt/homebrew/Cellar/ruby/3.4.4/lib/ruby/3.4.0/bundler/cli.rb:29:in &apos;Bundler::CLI.start&apos;&#10;/opt/homebrew/Cellar/ruby/3.4.4/lib/ruby/gems/3.4.0/gems/bundler-2.6.9/exe/bundle:28:in &apos;block in &lt;top (required)&gt;&apos;&#10;/opt/homebrew/Cellar/ruby/3.4.4/lib/ruby/3.4.0/bundler/friendly_errors.rb:117:in &apos;Bundler.with_friendly_errors&apos;&#10;/opt/homebrew/Cellar/ruby/3.4.4/lib/ruby/gems/3.4.0/gems/bundler-2.6.9/exe/bundle:20:in &apos;&lt;top (required)&gt;&apos;&#10;/opt/homebrew/opt/ruby/bin/bundle:25:in &apos;Kernel#load&apos;&#10;/opt/homebrew/opt/ruby/bin/bundle:25:in &apos;&lt;main&gt;&apos;&#10;&#10;Exit status of command &apos;xcodebuild -workspace Runner.xcworkspace -scheme Runner -configuration Release -archivePath &apos;/Users/sunkwongyu/RMAC_MULTITIMER/ios/fastlane/build/Runner.xcarchive&apos; archive -allowProvisioningUpdates&apos; was 66 instead of 0.&#10;Command line invocation:&#10;    /Applications/Xcode.app/Contents/Developer/usr/bin/xcodebuild -workspace Runner.xcworkspace -scheme Runner -configuration Release -archivePath /Users/sunkwongyu/RMAC_MULTITIMER/ios/fastlane/build/Runner.xcarchive archive -allowProvisioningUpdates&#10;&#10;2025-08-14 12:57:26.748 xcodebuild[98024:15244028] Writing error result bundle to /var/folders/90/z30v255n3yb3fy567wdfv79w0000gn/T/ResultBundle_2025-14-08_12-57-0026.xcresult&#10;xcodebuild: error: &apos;Runner.xcworkspace&apos; does not exist.&#10;" />
        
      </testcase>
    
  </testsuite>
</testsuites>
